file1.txt
> 读文件......
../data/file1.txt
[起点]  [校正点: 617; 坐标: (0.00, 50000.00, 5000.00); 距离: 0.00; 误差: (0.00, 0.00) 校正: (-6, 0)]
[终点]  [校正点: 677; 坐标: (100000.00, 59652.34, 5022.00); 距离: 0.00; 误差: (0.00, 0.00) 校正: (-66, 0)]
> 建图......
[地图] [点数: 613, 边数: 78358]
> 最短路......
> 初始化种群......
----------------------------------------------------------
[最短路] [总距离: 104562.94, 校正次数: 10, 最大垂直误差: 23.80, 最大水平误差: 13.39]
[路径 0]  [校正点: 617; 坐标: (0.00, 50000.00, 5000.00); 距离: 0.00; 误差: (0.00, 0.00) 校正: (-6, 0)]
[路径 1]  [校正点: 503; 坐标: (11392.96, 56973.02, 4097.86); 距离: 13387.92; 误差: (0.00, 13.39) 校正: (1, 1)]
[路径 2]  [校正点: 69; 坐标: (19835.94, 59347.29, 4903.01); 距离: 8807.35; 误差: (8.81, 0.00) 校正: (0, 1)]
[路径 3]  [校正点: 506; 坐标: (27388.63, 58657.65, 2807.73); 距离: 7868.22; 误差: (0.00, 7.87) 校正: (1, 1)]
[路径 4]  [校正点: 28; 坐标: (32952.08, 60824.86, 2263.99); 距离: 5995.37; 误差: (6.00, 0.00) 校正: (0, 1)]
[路径 5]  [校正点: 183; 坐标: (44139.69, 62558.05, 2660.04); 距离: 11327.99; 误差: (0.00, 11.33) 校正: (1, 0)]
[路径 6]  [校正点: 194; 坐标: (57582.38, 64320.57, 3868.13); 距离: 13611.46; 误差: (13.61, 0.00) 校正: (0, 0)]
[路径 7]  [校正点: 450; 坐标: (63446.66, 65392.20, 4301.81); 距离: 5977.14; 误差: (0.00, 5.98) 校正: (1, 0)]
[路径 8]  [校正点: 113; 坐标: (69920.50, 65952.92, 3959.24); 距离: 6507.10; 误差: (6.51, 0.00) 校正: (0, 0)]
[路径 9]  [校正点: 485; 坐标: (76763.64, 63601.13, 4761.70); 距离: 7280.34; 误差: (0.00, 7.28) 校正: (1, 0)]
[路径 10]  [校正点: 302; 坐标: (93832.63, 59556.16, 4051.80); 距离: 17556.09; 误差: (17.56, 0.00) 校正: (0, 1)]
[路径 11]  [校正点: 677; 坐标: (100000.00, 59652.34, 5022.00); 距离: 6243.96; 误差: (23.80, 6.24) 校正: (-66, 0)]
----------------------------------------------------------
----------------------------------------------------------
[最优] [总距离: 104562.94, 校正次数: 10, 最大垂直误差: 23.80, 最大水平误差: 13.39]
[路径 0]  [校正点: 617; 坐标: (0.00, 50000.00, 5000.00); 距离: 0.00; 误差: (0.00, 0.00) 校正: (-6, 0)]
[路径 1]  [校正点: 503; 坐标: (11392.96, 56973.02, 4097.86); 距离: 13387.92; 误差: (0.00, 13.39) 校正: (1, 1)]
[路径 2]  [校正点: 69; 坐标: (19835.94, 59347.29, 4903.01); 距离: 8807.35; 误差: (8.81, 0.00) 校正: (0, 1)]
[路径 3]  [校正点: 506; 坐标: (27388.63, 58657.65, 2807.73); 距离: 7868.22; 误差: (0.00, 7.87) 校正: (1, 1)]
[路径 4]  [校正点: 28; 坐标: (32952.08, 60824.86, 2263.99); 距离: 5995.37; 误差: (6.00, 0.00) 校正: (0, 1)]
[路径 5]  [校正点: 183; 坐标: (44139.69, 62558.05, 2660.04); 距离: 11327.99; 误差: (0.00, 11.33) 校正: (1, 0)]
[路径 6]  [校正点: 194; 坐标: (57582.38, 64320.57, 3868.13); 距离: 13611.46; 误差: (13.61, 0.00) 校正: (0, 0)]
[路径 7]  [校正点: 450; 坐标: (63446.66, 65392.20, 4301.81); 距离: 5977.14; 误差: (0.00, 5.98) 校正: (1, 0)]
[路径 8]  [校正点: 113; 坐标: (69920.50, 65952.92, 3959.24); 距离: 6507.10; 误差: (6.51, 0.00) 校正: (0, 0)]
[路径 9]  [校正点: 485; 坐标: (76763.64, 63601.13, 4761.70); 距离: 7280.34; 误差: (0.00, 7.28) 校正: (1, 0)]
[路径 10]  [校正点: 302; 坐标: (93832.63, 59556.16, 4051.80); 距离: 17556.09; 误差: (17.56, 0.00) 校正: (0, 1)]
[路径 11]  [校正点: 677; 坐标: (100000.00, 59652.34, 5022.00); 距离: 6243.96; 误差: (23.80, 6.24) 校正: (-66, 0)]
----------------------------------------------------------
[运行时间] [314.14 ms]
